introspect ERR Il2CppError: couldn't find class SpineInteractionPointTable in assembly Assembly-CSharp.dll
hooked GetSpineInteractionPointTables
hooked GetSpineInteractionPointTablesByInteractionPointGroup
=== READY hooked=2 (Interceptor) 去切角色 ===
ig=1 g=1 id=1 VOICE=[Common/Char003303/Interaction/Char003303_Int_Smile1|Common/Char003303/Interaction/Char003303_Int_Smile1] MOTION=[]
ig=1 g=1 id=2 VOICE=[Common/Char003303/Interaction/Char003303_Int_Surprise1|Common/Char003303/Interaction/Char003303_Int_Surprise1] MOTION=[]
ig=1 g=1 id=3 VOICE=[Common/Char003303/Interaction/Char003303_Int_Negative1|Common/Char003303/Interaction/Char003303_Int_Negative1] MOTION=[]
ig=1 g=1 id=4 VOICE=[Common/Char003303/Interaction/Char003303_Int_Negative1|Common/Char003303/Interaction/Char003303_Int_Negative1] MOTION=[]
ig=1 g=1 id=5 VOICE=[Common/Char003303/Interaction/Char003303_Int_Negative1|Common/Char003303/Interaction/Char003303_Int_Negative1] MOTION=[]
ig=1 g=1 id=6 VOICE=[Common/Char003303/Interaction/Char003303_Int_Negative1|Common/Char003303/Interaction/Char003303_Int_Negative1] MOTION=[]
ig=1 g=1 id=7 VOICE=[Common/Char003303/Interaction/Char003303_Int_Smile1|Common/Char003303/Interaction/Char003303_Int_Smile1] MOTION=[]
ig=1 g=1 id=8 VOICE=[Common/Char003303/Interaction/Char003303_Int_Negative1|Common/Char003303/Interaction/Char003303_Int_Negative1] MOTION=[]
ig=1 g=1 id=9 VOICE=[Common/Char003303/Interaction/Char003303_Int_Negative1|Common/Char003303/Interaction/Char003303_Int_Negative1] MOTION=[]
ig=1 g=1 id=10 VOICE=[Common/Char003303/Interaction/Char003303_Int_Negative1|Common/Char003303/Interaction/Char003303_Int_Negative1] MOTION=[]
ig=1 g=1 id=11 VOICE=[Common/Char003303/Interaction/Char003303_Int_Negative1|Common/Char003303/Interaction/Char003303_Int_Negative1] MOTION=[]
ig=1 g=1 id=12 VOICE=[Common/Char003303/Interaction/Char003303_Int_Smile1|Common/Char003303/Interaction/Char003303_Int_Smile1] MOTION=[]
ig=1 g=1 id=13 VOICE=[Common/Char003303/Interaction/Char003303_Int_Smile1|Common/Char003303/Interaction/Char003303_Int_Smile1] MOTION=[]
ig=1 g=1 id=14 VOICE=[Common/Char003303/Interaction/Char003303_Int_Surprise1|Common/Char003303/Interaction/Char003303_Int_Surprise1] MOTION=[]
ig=1 g=1 id=15 VOICE=[Common/Char003303/Interaction/Char003303_Int_Surprise1|Common/Char003303/Interaction/Char003303_Int_Surprise1] MOTION=[]
ig=1 g=1 id=16 VOICE=[Common/Char003303/Interaction/Char003303_Int_Surprise1|Common/Char003303/Interaction/Char003303_Int_Surprise1|Common/Char003303/Interaction/Char003303_Int_Surprise1|Common/Char003303/Interaction/Char003303_Int_Surprise1|Common/Char003303/Interaction/Char003303_Int_Surprise1|Common/Char003303/Interaction/Char003303_Int_Surprise1] MOTION=[]
ig=1 g=1 id=17 VOICE=[Common/Char003303/Interaction/Char003303_Int_Surprise1|Common/Char003303/Interaction/Char003303_Int_Surprise1|Common/Char003303/Interaction/Char003303_Int_Surprise1|Common/Char003303/Interaction/Char003303_Int_Surprise1|Common/Char003303/Interaction/Char003303_Int_Surprise1|Common/Char003303/Interaction/Char003303_Int_Surprise1] MOTION=[]
ig=1 g=1 id=18 VOICE=[Common/Char003303/Interaction/Char003303_Int_Surprise1|Common/Char003303/Interaction/Char003303_Int_Smile1|Common/Char003303/Interaction/Char003303_Int_Surprise1|Common/Char003303/Interaction/Char003303_Int_Smile1] MOTION=[Common/Char003303/Interaction/Char003303_Int_Surprise2]
ig=1 g=2 id=1 VOICE=[Common/Char003303/Interaction/Char003303_Int_Smile1|Common/Char003303/Interaction/Char003303_Int_Smile1] MOTION=[]
ig=1 g=2 id=2 VOICE=[Common/Char003303/Interaction/Char003303_Int_Surprise1|Common/Char003303/Interaction/Char003303_Int_Surprise1] MOTION=[]
ig=1 g=2 id=3 VOICE=[Common/Char003303/Interaction/Char003303_Int_Negative1|Common/Char003303/Interaction/Char003303_Int_Negative1] MOTION=[]
ig=1 g=2 id=4 VOICE=[Common/Char003303/Interaction/Char003303_Int_Smile1|Common/Char003303/Interaction/Char003303_Int_Smile1] MOTION=[]
ig=1 g=2 id=5 VOICE=[Common/Char003303/Interaction/Char003303_Int_Surprise1|Common/Char003303/Interaction/Char003303_Int_Surprise1] MOTION=[]
ig=1 g=2 id=6 VOICE=[Common/Char003303/Interaction/Char003303_Int_Surprise1|Common/Char003303/Interaction/Char003303_Int_Surprise1] MOTION=[]
ig=1 g=2 id=7 VOICE=[Common/Char003303/Interaction/Char003303_Int_Surprise1|Common/Char003303/Interaction/Char003303_Int_Surprise1] MOTION=[]
ig=1 g=2 id=8 VOICE=[Common/Char003303/Interaction/Char003303_Int_Surprise1|Common/Char003303/Interaction/Char003303_Int_Surprise1] MOTION=[]
ig=1 g=2 id=9 VOICE=[Common/Char003303/Interaction/Char003303_Int_Surprise1|Common/Char003303/Interaction/Char003303_Int_Surprise1] MOTION=[]
ig=1 g=2 id=10 VOICE=[Common/Char003303/Interaction/Char003303_Int_Surprise1|Common/Char003303/Interaction/Char003303_Int_Surprise1] MOTION=[]
ig=1 g=2 id=11 VOICE=[Common/Char003303/Interaction/Char003303_Int_Surprise1|Common/Char003303/Interaction/Char003303_Int_Surprise1] MOTION=[]
ig=1 g=2 id=12 VOICE=[Common/Char003303/Interaction/Char003303_Int_Smile1|Common/Char003303/Interaction/Char003303_Int_Smile1] MOTION=[]
ig=1 g=2 id=13 VOICE=[Common/Char003303/Interaction/Char003303_Int_Smile1|Common/Char003303/Interaction/Char003303_Int_Smile1] MOTION=[]
ig=1 g=2 id=14 VOICE=[Common/Char003303/Interaction/Char003303_Int_Joy1|Common/Char003303/Interaction/Char003303_Int_Joy1] MOTION=[]
ig=1 g=2 id=15 VOICE=[Common/Char003303/Interaction/Char003303_Int_Joy1|Common/Char003303/Interaction/Char003303_Int_Joy1] MOTION=[]
ig=1 g=2 id=16 VOICE=[Common/Char003303/Interaction/Char003303_Int_Joy1|Common/Char003303/Interaction/Char003303_Int_Joy1] MOTION=[]
ig=1 g=2 id=17 VOICE=[Common/Char003303/Interaction/Char003303_Int_Joy1|Common/Char003303/Interaction/Char003303_Int_Joy1] MOTION=[]
ig=1 g=2 id=18 VOICE=[Common/Char003303/Interaction/Char003303_Int_Surprise1|Common/Char003303/Interaction/Char003303_Int_Surprise1] MOTION=[]
ig=1 g=2 id=19 VOICE=[Common/Char003303/Interaction/Char003303_Int_Surprise2|Common/Char003303/Interaction/Char003303_Int_Surprise2] MOTION=[]
ig=1 g=2 id=20 VOICE=[Common/Char003303/Interaction/Char003303_Int_Surprise1|Common/Char003303/Interaction/Char003303_Int_Surprise1|Common/Char003303/Interaction/Char003303_Int_Surprise1|Common/Char003303/Interaction/Char003303_Int_Surprise1|Common/Char003303/Interaction/Char003303_Int_Surprise1|Common/Char003303/Interaction/Char003303_Int_Surprise1] MOTION=[]
ig=1 g=2 id=21 VOICE=[Common/Char003303/Interaction/Char003303_Int_Surprise1|Common/Char003303/Interaction/Char003303_Int_Surprise1|Common/Char003303/Interaction/Char003303_Int_Surprise1|Common/Char003303/Interaction/Char003303_Int_Surprise1|Common/Char003303/Interaction/Char003303_Int_Surprise1|Common/Char003303/Interaction/Char003303_Int_Surprise1] MOTION=[]
ig=1 g=2 id=22 VOICE=[Common/Char003303/Interaction/Char003303_Int_Surprise1|Common/Char003303/Interaction/Char003303_Int_Surprise1] MOTION=[Common/Char003303/Interaction/Char003303_Int_Surprise2]
ig=1 g=3 id=1 VOICE=[Common/Char003303/Interaction/Char003303_Int_Neutral1|Common/Char003303/Interaction/Char003303_Int_Neutral1] MOTION=[]
ig=1 g=3 id=2 VOICE=[Common/Char003303/Interaction/Char003303_Int_Sigh1|Common/Char003303/Interaction/Char003303_Int_Sigh1] MOTION=[]
ig=1 g=3 id=3 VOICE=[Common/Char003303/Interaction/Char003303_Int_Sigh1|Common/Char003303/Interaction/Char003303_Int_Sigh1] MOTION=[]
ig=1 g=3 id=4 VOICE=[Common/Char003303/Interaction/Char003303_Int_Smile1|Common/Char003303/Interaction/Char003303_Int_Smile1] MOTION=[]
ig=1 g=3 id=5 VOICE=[Common/Char003303/Interaction/Char003303_Int_Smile1|Common/Char003303/Interaction/Char003303_Int_Smile1] MOTION=[]
ig=1 g=3 id=6 VOICE=[Common/Char003303/Interaction/Char003303_Int_Excitement2|Common/Char003303/Interaction/Char003303_Int_Excitement2] MOTION=[]
ig=1 g=3 id=7 VOICE=[Common/Char003303/Interaction/Char003303_Int_Smile1|Common/Char003303/Interaction/Char003303_Int_Smile1] MOTION=[]
ig=1 g=3 id=8 VOICE=[Common/Char003303/Interaction/Char003303_Int_Sigh1|Common/Char003303/Interaction/Char003303_Int_Sigh1] MOTION=[]
ig=1 g=3 id=9 VOICE=[Common/Char003303/Interaction/Char003303_Int_Sigh1|Common/Char003303/Interaction/Char003303_Int_Sigh1] MOTION=[]
ig=1 g=3 id=10 VOICE=[Common/Char003303/Interaction/Char003303_Int_Smile1|Common/Char003303/Interaction/Char003303_Int_Smile1] MOTION=[]
ig=1 g=3 id=11 VOICE=[Common/Char003303/Interaction/Char003303_Int_Sigh1|Common/Char003303/Interaction/Char003303_Int_Sigh1] MOTION=[]
ig=1 g=3 id=12 VOICE=[Common/Char003303/Interaction/Char003303_Int_Sigh1|Common/Char003303/Interaction/Char003303_Int_Sigh1] MOTION=[]
ig=1 g=3 id=13 VOICE=[Common/Char003303/Interaction/Char003303_Int_Sigh1|Common/Char003303/Interaction/Char003303_Int_Sigh1] MOTION=[]
ig=1 g=3 id=14 VOICE=[Common/Char003303/Interaction/Char003303_Int_Sigh1|Common/Char003303/Interaction/Char003303_Int_Sigh1] MOTION=[]
ig=1 g=3 id=15 VOICE=[Common/Char003303/Interaction/Char003303_Int_Smile1|Common/Char003303/Interaction/Char003303_Int_Smile1] MOTION=[]
ig=1 g=3 id=16 VOICE=[Common/Char003303/Interaction/Char003303_Int_Smile1|Common/Char003303/Interaction/Char003303_Int_Smile1] MOTION=[]
ig=1 g=3 id=17 VOICE=[Common/Char003303/Interaction/Char003303_Int_Sigh1|Common/Char003303/Interaction/Char003303_Int_Sigh1] MOTION=[]
ig=1 g=3 id=18 VOICE=[Common/Char003303/Interaction/Char003303_Int_Sigh1|Common/Char003303/Interaction/Char003303_Int_Sigh1] MOTION=[]
ig=1 g=3 id=19 VOICE=[Common/Char003303/Interaction/Char003303_Int_Joy1|Common/Char003303/Interaction/Char003303_Int_Joy1] MOTION=[]
ig=1 g=3 id=20 VOICE=[Common/Char003303/Interaction/Char003303_Int_Joy1|Common/Char003303/Interaction/Char003303_Int_Joy1] MOTION=[]
ig=1 g=3 id=21 VOICE=[Common/Char003303/Interaction/Char003303_Int_Joy2|Common/Char003303/Interaction/Char003303_Int_Joy2] MOTION=[]
ig=1 g=3 id=22 VOICE=[Common/Char003303/Interaction/Char003303_Int_Joy2|Common/Char003303/Interaction/Char003303_Int_Joy2] MOTION=[]
ig=1 g=3 id=23 VOICE=[Common/Char003303/Interaction/Char003303_Int_Surprise1|Common/Char003303/Interaction/Char003303_Int_Surprise1|Common/Char003303/Interaction/Char003303_Int_Surprise1|Common/Char003303/Interaction/Char003303_Int_Surprise1|Common/Char003303/Interaction/Char003303_Int_Surprise1|Common/Char003303/Interaction/Char003303_Int_Surprise1|Common/Char003303/Interaction/Char003303_Int_Surprise1|Common/Char003303/Interaction/Char003303_Int_Surprise1|Common/Char003303/Interaction/Char003303_Int_Surprise1|Common/Char003303/Interaction/Char003303_Int_Surprise1] MOTION=[]
ig=1 g=3 id=24 VOICE=[Common/Char003303/Interaction/Char003303_Int_Surprise1|Common/Char003303/Interaction/Char003303_Int_Surprise1|Common/Char003303/Interaction/Char003303_Int_Surprise1|Common/Char003303/Interaction/Char003303_Int_Surprise1|Common/Char003303/Interaction/Char003303_Int_Surprise1|Common/Char003303/Interaction/Char003303_Int_Surprise1|Common/Char003303/Interaction/Char003303_Int_Surprise1|Common/Char003303/Interaction/Char003303_Int_Surprise1|Common/Char003303/Interaction/Char003303_Int_Surprise1|Common/Char003303/Interaction/Char003303_Int_Surprise1] MOTION=[]
--- captured GetSpineInteractionPointTables group=1 rows=64 ---
