gc.choose RDM -> 1
=== DATING TABLES DUMP 2026-06-29T10:29:50.902Z ===
=== DEFAULT (single) ===
DEFAULT DatingApMax=3  Id=0
=== COSTUMELIST count=14 ===
COSTUMELIST CostumeId=3303  EpisodeGroupId=1  Id=1  CostumeDesignId=3303
COSTUMELIST CostumeId=3402  EpisodeGroupId=2  Id=2  CostumeDesignId=3402
COSTUMELIST CostumeId=3203  EpisodeGroupId=3  Id=3  CostumeDesignId=3203
COSTUMELIST CostumeId=1106  EpisodeGroupId=4  Id=4  CostumeDesignId=1106
COSTUMELIST CostumeId=60802  EpisodeGroupId=5  Id=5  CostumeDesignId=60802
COSTUMELIST CostumeId=67603  EpisodeGroupId=6  Id=6  CostumeDesignId=67603
COSTUMELIST CostumeId=1006  EpisodeGroupId=7  Id=7  CostumeDesignId=1006
COSTUMELIST CostumeId=66403  EpisodeGroupId=8  Id=8  CostumeDesignId=66403
COSTUMELIST CostumeId=706  EpisodeGroupId=9  Id=9  CostumeDesignId=706
COSTUMELIST CostumeId=4102  EpisodeGroupId=10  Id=10  CostumeDesignId=4102
COSTUMELIST CostumeId=67004  EpisodeGroupId=11  Id=11  CostumeDesignId=67004
COSTUMELIST CostumeId=3604  EpisodeGroupId=12  Id=12  CostumeDesignId=3604
COSTUMELIST CostumeId=4202  EpisodeGroupId=13  Id=13  CostumeDesignId=4202
COSTUMELIST CostumeId=67104  EpisodeGroupId=14  Id=14  CostumeDesignId=67104
=== EP_g1 count=13 ===
EP_g1 DatingDialogGroupId=330301  DatingMessage1=0  DatingMessage2=1  EpisodeTitleDatingTextId=3303001  EpisodeType=0  GroupId=1  Id=1  RewardCount=1  RewardDatingPoint=1  RewardId=1500001  RewardType=9  SkipQuestTextId=3303111  TalkStatusTextId=330301  TimelineName=Novel_Char003303_01  VoiceSoundBankPath=LocalVisualNovel/Local_Char003303
EP_g1 DatingDialogGroupId=330302  DatingMessage1=2  DatingMessage2=3  EpisodeTitleDatingTextId=3303002  EpisodeType=1  GroupId=1  Id=2  RewardCount=1  RewardDatingPoint=1  RewardId=1500001  RewardType=9  SkipQuestTextId=3303112  TalkStatusTextId=330302  TimelineName=Novel_Char003303_02  VoiceSoundBankPath=LocalVisualNovel/Local_Char003303
EP_g1 DatingDialogGroupId=330303  DatingMessage1=4  DatingMessage2=5  EpisodeTitleDatingTextId=3303003  EpisodeType=1  GroupId=1  Id=3  RewardCount=1  RewardDatingPoint=1  RewardId=1500002  RewardType=9  SkipQuestTextId=3303113  TalkStatusTextId=330303  TimelineName=Novel_Char003303_03  VoiceSoundBankPath=LocalVisualNovel/Local_Char003303
EP_g1 DatingDialogGroupId=330304  DatingMessage1=6  DatingMessage2=7  EpisodeTitleDatingTextId=3303004  EpisodeType=1  GroupId=1  Id=4  RewardCount=1  RewardDatingPoint=1  RewardId=1500001  RewardType=9  SkipQuestTextId=3303114  TalkStatusTextId=330304  TimelineName=Novel_Char003303_04  VoiceSoundBankPath=LocalVisualNovel/Local_Char003303
EP_g1 DatingDialogGroupId=330305  DatingMessage1=8  DatingMessage2=9  EpisodeTitleDatingTextId=3303005  EpisodeType=1  GroupId=1  Id=5  RewardCount=1  RewardDatingPoint=1  RewardId=1500001  RewardType=9  SkipQuestTextId=3303115  TalkStatusTextId=330305  TimelineName=Novel_Char003303_05  VoiceSoundBankPath=LocalVisualNovel/Local_Char003303
EP_g1 DatingDialogGroupId=330306  DatingMessage1=10  DatingMessage2=11  EpisodeTitleDatingTextId=3303006  EpisodeType=1  GroupId=1  Id=6  RewardCount=1  RewardDatingPoint=1  RewardId=1500001  RewardType=9  SkipQuestTextId=3303116  TalkStatusTextId=330306  TimelineName=Novel_Char003303_06  VoiceSoundBankPath=LocalVisualNovel/Local_Char003303
EP_g1 DatingDialogGroupId=330307  DatingMessage1=12  DatingMessage2=13  EpisodeTitleDatingTextId=3303007  EpisodeType=1  GroupId=1  Id=7  RewardCount=1  RewardDatingPoint=1  RewardId=1500001  RewardType=9  SkipQuestTextId=3303117  TalkStatusTextId=330307  TimelineName=Novel_Char003303_07  VoiceSoundBankPath=LocalVisualNovel/Local_Char003303
EP_g1 DatingDialogGroupId=330308  DatingMessage1=14  DatingMessage2=15  EpisodeTitleDatingTextId=3303008  EpisodeType=1  GroupId=1  Id=8  RewardCount=1  RewardDatingPoint=1  RewardId=1500001  RewardType=9  SkipQuestTextId=3303118  TalkStatusTextId=330308  TimelineName=Novel_Char003303_08  VoiceSoundBankPath=LocalVisualNovel/Local_Char003303
EP_g1 DatingDialogGroupId=330309  DatingMessage1=16  DatingMessage2=17  EpisodeTitleDatingTextId=3303009  EpisodeType=1  GroupId=1  Id=9  RewardCount=1  RewardDatingPoint=1  RewardId=1500003  RewardType=9  SkipQuestTextId=3303119  TalkStatusTextId=330309  TimelineName=Novel_Char003303_09  VoiceSoundBankPath=LocalVisualNovel/Local_Char003303
EP_g1 DatingDialogGroupId=330310  DatingMessage1=18  DatingMessage2=19  EpisodeTitleDatingTextId=3303010  EpisodeType=1  GroupId=1  Id=10  RewardCount=1  RewardDatingPoint=1  RewardId=1500004  RewardType=9  SkipQuestTextId=3303120  TalkStatusTextId=330310  TimelineName=Novel_Char003303_10  VoiceSoundBankPath=LocalVisualNovel/Local_Char003303
EP_g1 DatingDialogGroupId=330311  DatingMessage1=120  DatingMessage2=121  EpisodeTitleDatingTextId=3303011  EpisodeType=2  GroupId=1  Id=11  RewardCount=1  RewardDatingPoint=0  RewardId=1500001  RewardType=9  SkipQuestTextId=3303121  TalkStatusTextId=330311  TimelineName=Novel_Char003303_11  VoiceSoundBankPath=LocalVisualNovel/Local_Char003303
EP_g1 DatingDialogGroupId=330312  DatingMessage1=122  DatingMessage2=123  EpisodeTitleDatingTextId=3303012  EpisodeType=2  GroupId=1  Id=12  RewardCount=1  RewardDatingPoint=0  RewardId=1500001  RewardType=9  SkipQuestTextId=3303122  TalkStatusTextId=330312  TimelineName=Novel_Char003303_12  VoiceSoundBankPath=LocalVisualNovel/Local_Char003303
EP_g1 DatingDialogGroupId=330313  DatingMessage1=124  DatingMessage2=125  EpisodeTitleDatingTextId=3303013  EpisodeType=2  GroupId=1  Id=13  RewardCount=1  RewardDatingPoint=0  RewardId=1500030  RewardType=9  SkipQuestTextId=3303123  TalkStatusTextId=330313  TimelineName=Novel_Char003303_13  VoiceSoundBankPath=LocalVisualNovel/Local_Char003303
=== EP_g2 count=13 ===
EP_g2 DatingDialogGroupId=340201  DatingMessage1=0  DatingMessage2=20  EpisodeTitleDatingTextId=3303001  EpisodeType=0  GroupId=2  Id=1  RewardCount=1  RewardDatingPoint=1  RewardId=1500001  RewardType=9  SkipQuestTextId=3402111  TalkStatusTextId=340201  TimelineName=Novel_Char003402_01  VoiceSoundBankPath=LocalVisualNovel/Local_Char003402
EP_g2 DatingDialogGroupId=340202  DatingMessage1=21  DatingMessage2=22  EpisodeTitleDatingTextId=3303002  EpisodeType=1  GroupId=2  Id=2  RewardCount=1  RewardDatingPoint=1  RewardId=1500001  RewardType=9  SkipQuestTextId=3402112  TalkStatusTextId=340202  TimelineName=Novel_Char003402_02  VoiceSoundBankPath=LocalVisualNovel/Local_Char003402
EP_g2 DatingDialogGroupId=340203  DatingMessage1=23  DatingMessage2=24  EpisodeTitleDatingTextId=3303003  EpisodeType=1  GroupId=2  Id=3  RewardCount=1  RewardDatingPoint=1  RewardId=1500005  RewardType=9  SkipQuestTextId=3402113  TalkStatusTextId=340203  TimelineName=Novel_Char003402_03  VoiceSoundBankPath=LocalVisualNovel/Local_Char003402
EP_g2 DatingDialogGroupId=340204  DatingMessage1=25  DatingMessage2=26  EpisodeTitleDatingTextId=3303004  EpisodeType=1  GroupId=2  Id=4  RewardCount=1  RewardDatingPoint=1  RewardId=1500001  RewardType=9  SkipQuestTextId=3402114  TalkStatusTextId=340204  TimelineName=Novel_Char003402_04  VoiceSoundBankPath=LocalVisualNovel/Local_Char003402
EP_g2 DatingDialogGroupId=340205  DatingMessage1=27  DatingMessage2=28  EpisodeTitleDatingTextId=3303005  EpisodeType=1  GroupId=2  Id=5  RewardCount=1  RewardDatingPoint=1  RewardId=1500001  RewardType=9  SkipQuestTextId=3402115  TalkStatusTextId=340205  TimelineName=Novel_Char003402_05  VoiceSoundBankPath=LocalVisualNovel/Local_Char003402
EP_g2 DatingDialogGroupId=340206  DatingMessage1=29  DatingMessage2=30  EpisodeTitleDatingTextId=3303006  EpisodeType=1  GroupId=2  Id=6  RewardCount=1  RewardDatingPoint=1  RewardId=1500001  RewardType=9  SkipQuestTextId=3402116  TalkStatusTextId=340206  TimelineName=Novel_Char003402_06  VoiceSoundBankPath=LocalVisualNovel/Local_Char003402
EP_g2 DatingDialogGroupId=340207  DatingMessage1=31  DatingMessage2=32  EpisodeTitleDatingTextId=3303007  EpisodeType=1  GroupId=2  Id=7  RewardCount=1  RewardDatingPoint=1  RewardId=1500001  RewardType=9  SkipQuestTextId=3402117  TalkStatusTextId=340207  TimelineName=Novel_Char003402_07  VoiceSoundBankPath=LocalVisualNovel/Local_Char003402
EP_g2 DatingDialogGroupId=340208  DatingMessage1=33  DatingMessage2=34  EpisodeTitleDatingTextId=3303008  EpisodeType=1  GroupId=2  Id=8  RewardCount=1  RewardDatingPoint=1  RewardId=1500006  RewardType=9  SkipQuestTextId=3402118  TalkStatusTextId=340208  TimelineName=Novel_Char003402_08  VoiceSoundBankPath=LocalVisualNovel/Local_Char003402
EP_g2 DatingDialogGroupId=340209  DatingMessage1=35  DatingMessage2=36  EpisodeTitleDatingTextId=3303009  EpisodeType=1  GroupId=2  Id=9  RewardCount=1  RewardDatingPoint=1  RewardId=1500001  RewardType=9  SkipQuestTextId=3402119  TalkStatusTextId=340209  TimelineName=Novel_Char003402_09  VoiceSoundBankPath=LocalVisualNovel/Local_Char003402
EP_g2 DatingDialogGroupId=340210  DatingMessage1=37  DatingMessage2=38  EpisodeTitleDatingTextId=3303010  EpisodeType=1  GroupId=2  Id=10  RewardCount=1  RewardDatingPoint=1  RewardId=1500007  RewardType=9  SkipQuestTextId=3402120  TalkStatusTextId=340210  TimelineName=Novel_Char003402_10  VoiceSoundBankPath=LocalVisualNovel/Local_Char003402
EP_g2 DatingDialogGroupId=340211  DatingMessage1=220  DatingMessage2=221  EpisodeTitleDatingTextId=3303011  EpisodeType=2  GroupId=2  Id=11  RewardCount=1  RewardDatingPoint=0  RewardId=1500001  RewardType=9  SkipQuestTextId=3402121  TalkStatusTextId=340211  TimelineName=Novel_Char003402_11  VoiceSoundBankPath=LocalVisualNovel/Local_Char003402
EP_g2 DatingDialogGroupId=340212  DatingMessage1=222  DatingMessage2=223  EpisodeTitleDatingTextId=3303012  EpisodeType=2  GroupId=2  Id=12  RewardCount=1  RewardDatingPoint=0  RewardId=1500001  RewardType=9  SkipQuestTextId=3402122  TalkStatusTextId=340212  TimelineName=Novel_Char003402_12  VoiceSoundBankPath=LocalVisualNovel/Local_Char003402
EP_g2 DatingDialogGroupId=340213  DatingMessage1=224  DatingMessage2=225  EpisodeTitleDatingTextId=3303013  EpisodeType=2  GroupId=2  Id=13  RewardCount=1  RewardDatingPoint=0  RewardId=1500034  RewardType=9  SkipQuestTextId=3402123  TalkStatusTextId=340213  TimelineName=Novel_Char003402_13  VoiceSoundBankPath=LocalVisualNovel/Local_Char003402
=== EP_g3 count=13 ===
EP_g3 DatingDialogGroupId=320301  DatingMessage1=0  DatingMessage2=39  EpisodeTitleDatingTextId=3303001  EpisodeType=0  GroupId=3  Id=1  RewardCount=1  RewardDatingPoint=1  RewardId=1500001  RewardType=9  SkipQuestTextId=3203111  TalkStatusTextId=320301  TimelineName=Novel_Char003203_01  VoiceSoundBankPath=LocalVisualNovel/Local_Char003203
EP_g3 DatingDialogGroupId=320302  DatingMessage1=40  DatingMessage2=41  EpisodeTitleDatingTextId=3303002  EpisodeType=1  GroupId=3  Id=2  RewardCount=1  RewardDatingPoint=1  RewardId=1500001  RewardType=9  SkipQuestTextId=3203112  TalkStatusTextId=320302  TimelineName=Novel_Char003203_02  VoiceSoundBankPath=LocalVisualNovel/Local_Char003203
EP_g3 DatingDialogGroupId=320303  DatingMessage1=42  DatingMessage2=43  EpisodeTitleDatingTextId=3303003  EpisodeType=1  GroupId=3  Id=3  RewardCount=1  RewardDatingPoint=1  RewardId=1500008  RewardType=9  SkipQuestTextId=3203113  TalkStatusTextId=320303  TimelineName=Novel_Char003203_03  VoiceSoundBankPath=LocalVisualNovel/Local_Char003203
EP_g3 DatingDialogGroupId=320304  DatingMessage1=44  DatingMessage2=45  EpisodeTitleDatingTextId=3303004  EpisodeType=1  GroupId=3  Id=4  RewardCount=1  RewardDatingPoint=1  RewardId=1500001  RewardType=9  SkipQuestTextId=3203114  TalkStatusTextId=320304  TimelineName=Novel_Char003203_04  VoiceSoundBankPath=LocalVisualNovel/Local_Char003203
EP_g3 DatingDialogGroupId=320305  DatingMessage1=46  DatingMessage2=47  EpisodeTitleDatingTextId=3303005  EpisodeType=1  GroupId=3  Id=5  RewardCount=1  RewardDatingPoint=1  RewardId=1500001  RewardType=9  SkipQuestTextId=3203115  TalkStatusTextId=320305  TimelineName=Novel_Char003203_05  VoiceSoundBankPath=LocalVisualNovel/Local_Char003203
EP_g3 DatingDialogGroupId=320306  DatingMessage1=48  DatingMessage2=49  EpisodeTitleDatingTextId=3303006  EpisodeType=1  GroupId=3  Id=6  RewardCount=1  RewardDatingPoint=1  RewardId=1500001  RewardType=9  SkipQuestTextId=3203116  TalkStatusTextId=320306  TimelineName=Novel_Char003203_06  VoiceSoundBankPath=LocalVisualNovel/Local_Char003203
EP_g3 DatingDialogGroupId=320307  DatingMessage1=50  DatingMessage2=51  EpisodeTitleDatingTextId=3303007  EpisodeType=1  GroupId=3  Id=7  RewardCount=1  RewardDatingPoint=1  RewardId=1500001  RewardType=9  SkipQuestTextId=3203117  TalkStatusTextId=320307  TimelineName=Novel_Char003203_07  VoiceSoundBankPath=LocalVisualNovel/Local_Char003203
EP_g3 DatingDialogGroupId=320308  DatingMessage1=52  DatingMessage2=53  EpisodeTitleDatingTextId=3303008  EpisodeType=1  GroupId=3  Id=8  RewardCount=1  RewardDatingPoint=1  RewardId=1500009  RewardType=9  SkipQuestTextId=3203118  TalkStatusTextId=320308  TimelineName=Novel_Char003203_08  VoiceSoundBankPath=LocalVisualNovel/Local_Char003203
EP_g3 DatingDialogGroupId=320309  DatingMessage1=54  DatingMessage2=55  EpisodeTitleDatingTextId=3303009  EpisodeType=1  GroupId=3  Id=9  RewardCount=1  RewardDatingPoint=1  RewardId=1500001  RewardType=9  SkipQuestTextId=3203119  TalkStatusTextId=320309  TimelineName=Novel_Char003203_09  VoiceSoundBankPath=LocalVisualNovel/Local_Char003203
EP_g3 DatingDialogGroupId=320310  DatingMessage1=56  DatingMessage2=57  EpisodeTitleDatingTextId=3303010  EpisodeType=1  GroupId=3  Id=10  RewardCount=1  RewardDatingPoint=1  RewardId=1500010  RewardType=9  SkipQuestTextId=3203120  TalkStatusTextId=320310  TimelineName=Novel_Char003203_10  VoiceSoundBankPath=LocalVisualNovel/Local_Char003203
EP_g3 DatingDialogGroupId=320311  DatingMessage1=320  DatingMessage2=321  EpisodeTitleDatingTextId=3303011  EpisodeType=2  GroupId=3  Id=11  RewardCount=1  RewardDatingPoint=0  RewardId=1500001  RewardType=9  SkipQuestTextId=3203121  TalkStatusTextId=320311  TimelineName=Novel_Char003203_11  VoiceSoundBankPath=LocalVisualNovel/Local_Char003203
EP_g3 DatingDialogGroupId=320312  DatingMessage1=322  DatingMessage2=323  EpisodeTitleDatingTextId=3303012  EpisodeType=2  GroupId=3  Id=12  RewardCount=1  RewardDatingPoint=0  RewardId=1500001  RewardType=9  SkipQuestTextId=3203122  TalkStatusTextId=320312  TimelineName=Novel_Char003203_12  VoiceSoundBankPath=LocalVisualNovel/Local_Char003203
EP_g3 DatingDialogGroupId=320313  DatingMessage1=324  DatingMessage2=325  EpisodeTitleDatingTextId=3303013  EpisodeType=2  GroupId=3  Id=13  RewardCount=1  RewardDatingPoint=0  RewardId=1500035  RewardType=9  SkipQuestTextId=3203123  TalkStatusTextId=320313  TimelineName=Novel_Char003203_13  VoiceSoundBankPath=LocalVisualNovel/Local_Char003203
=== EP_g4 count=13 ===
EP_g4 DatingDialogGroupId=110601  DatingMessage1=0  DatingMessage2=58  EpisodeTitleDatingTextId=3303001  EpisodeType=0  GroupId=4  Id=1  RewardCount=1  RewardDatingPoint=1  RewardId=1500001  RewardType=9  SkipQuestTextId=1106111  TalkStatusTextId=110601  TimelineName=Novel_Char001106_01  VoiceSoundBankPath=LocalVisualNovel/Local_Char001106
EP_g4 DatingDialogGroupId=110602  DatingMessage1=59  DatingMessage2=60  EpisodeTitleDatingTextId=3303002  EpisodeType=1  GroupId=4  Id=2  RewardCount=1  RewardDatingPoint=1  RewardId=1500001  RewardType=9  SkipQuestTextId=1106112  TalkStatusTextId=110602  TimelineName=Novel_Char001106_02  VoiceSoundBankPath=LocalVisualNovel/Local_Char001106
EP_g4 DatingDialogGroupId=110603  DatingMessage1=61  DatingMessage2=62  EpisodeTitleDatingTextId=3303003  EpisodeType=1  GroupId=4  Id=3  RewardCount=1  RewardDatingPoint=1  RewardId=1500001  RewardType=9  SkipQuestTextId=1106113  TalkStatusTextId=110603  TimelineName=Novel_Char001106_03  VoiceSoundBankPath=LocalVisualNovel/Local_Char001106
EP_g4 DatingDialogGroupId=110604  DatingMessage1=63  DatingMessage2=64  EpisodeTitleDatingTextId=3303004  EpisodeType=1  GroupId=4  Id=4  RewardCount=1  RewardDatingPoint=1  RewardId=1500011  RewardType=9  SkipQuestTextId=1106114  TalkStatusTextId=110604  TimelineName=Novel_Char001106_04  VoiceSoundBankPath=LocalVisualNovel/Local_Char001106
EP_g4 DatingDialogGroupId=110605  DatingMessage1=65  DatingMessage2=66  EpisodeTitleDatingTextId=3303005  EpisodeType=1  GroupId=4  Id=5  RewardCount=1  RewardDatingPoint=1  RewardId=1500001  RewardType=9  SkipQuestTextId=1106115  TalkStatusTextId=110605  TimelineName=Novel_Char001106_05  VoiceSoundBankPath=LocalVisualNovel/Local_Char001106
EP_g4 DatingDialogGroupId=110606  DatingMessage1=67  DatingMessage2=68  EpisodeTitleDatingTextId=3303006  EpisodeType=1  GroupId=4  Id=6  RewardCount=1  RewardDatingPoint=1  RewardId=1500001  RewardType=9  SkipQuestTextId=1106116  TalkStatusTextId=110606  TimelineName=Novel_Char001106_06  VoiceSoundBankPath=LocalVisualNovel/Local_Char001106
EP_g4 DatingDialogGroupId=110607  DatingMessage1=69  DatingMessage2=70  EpisodeTitleDatingTextId=3303007  EpisodeType=1  GroupId=4  Id=7  RewardCount=1  RewardDatingPoint=1  RewardId=1500012  RewardType=9  SkipQuestTextId=1106117  TalkStatusTextId=110607  TimelineName=Novel_Char001106_07  VoiceSoundBankPath=LocalVisualNovel/Local_Char001106
EP_g4 DatingDialogGroupId=110608  DatingMessage1=71  DatingMessage2=72  EpisodeTitleDatingTextId=3303008  EpisodeType=1  GroupId=4  Id=8  RewardCount=1  RewardDatingPoint=1  RewardId=1500001  RewardType=9  SkipQuestTextId=1106118  TalkStatusTextId=110608  TimelineName=Novel_Char001106_08  VoiceSoundBankPath=LocalVisualNovel/Local_Char001106
EP_g4 DatingDialogGroupId=110609  DatingMessage1=73  DatingMessage2=74  EpisodeTitleDatingTextId=3303009  EpisodeType=1  GroupId=4  Id=9  RewardCount=1  RewardDatingPoint=1  RewardId=1500001  RewardType=9  SkipQuestTextId=1106119  TalkStatusTextId=110609  TimelineName=Novel_Char001106_09  VoiceSoundBankPath=LocalVisualNovel/Local_Char001106
EP_g4 DatingDialogGroupId=110610  DatingMessage1=75  DatingMessage2=76  EpisodeTitleDatingTextId=3303010  EpisodeType=1  GroupId=4  Id=10  RewardCount=1  RewardDatingPoint=1  RewardId=1500013  RewardType=9  SkipQuestTextId=1106120  TalkStatusTextId=110610  TimelineName=Novel_Char001106_10  VoiceSoundBankPath=LocalVisualNovel/Local_Char001106
EP_g4 DatingDialogGroupId=110611  DatingMessage1=420  DatingMessage2=421  EpisodeTitleDatingTextId=3303011  EpisodeType=2  GroupId=4  Id=11  RewardCount=1  RewardDatingPoint=0  RewardId=1500001  RewardType=9  SkipQuestTextId=1106121  TalkStatusTextId=110611  TimelineName=Novel_Char001106_11  VoiceSoundBankPath=LocalVisualNovel/Local_Char001106
EP_g4 DatingDialogGroupId=110612  DatingMessage1=422  DatingMessage2=423  EpisodeTitleDatingTextId=3303012  EpisodeType=2  GroupId=4  Id=12  RewardCount=1  RewardDatingPoint=0  RewardId=1500001  RewardType=9  SkipQuestTextId=1106122  TalkStatusTextId=110612  TimelineName=Novel_Char001106_12  VoiceSoundBankPath=LocalVisualNovel/Local_Char001106
EP_g4 DatingDialogGroupId=110613  DatingMessage1=424  DatingMessage2=425  EpisodeTitleDatingTextId=3303013  EpisodeType=2  GroupId=4  Id=13  RewardCount=1  RewardDatingPoint=0  RewardId=1500039  RewardType=9  SkipQuestTextId=1106123  TalkStatusTextId=110613  TimelineName=Novel_Char001106_13  VoiceSoundBankPath=LocalVisualNovel/Local_Char001106
=== EP_g5 count=13 ===
EP_g5 DatingDialogGroupId=6080201  DatingMessage1=0  DatingMessage2=501  EpisodeTitleDatingTextId=3303001  EpisodeType=0  GroupId=5  Id=1  RewardCount=1  RewardDatingPoint=1  RewardId=1500001  RewardType=9  SkipQuestTextId=60802111  TalkStatusTextId=6080201  TimelineName=Novel_Char060802_01  VoiceSoundBankPath=LocalVisualNovel/Local_Char060802
EP_g5 DatingDialogGroupId=6080202  DatingMessage1=502  DatingMessage2=503  EpisodeTitleDatingTextId=3303002  EpisodeType=1  GroupId=5  Id=2  RewardCount=1  RewardDatingPoint=1  RewardId=1500001  RewardType=9  SkipQuestTextId=60802112  TalkStatusTextId=6080202  TimelineName=Novel_Char060802_02  VoiceSoundBankPath=LocalVisualNovel/Local_Char060802
EP_g5 DatingDialogGroupId=6080203  DatingMessage1=504  DatingMessage2=505  EpisodeTitleDatingTextId=3303003  EpisodeType=1  GroupId=5  Id=3  RewardCount=1  RewardDatingPoint=1  RewardId=1500001  RewardType=9  SkipQuestTextId=60802113  TalkStatusTextId=6080203  TimelineName=Novel_Char060802_03  VoiceSoundBankPath=LocalVisualNovel/Local_Char060802
EP_g5 DatingDialogGroupId=6080204  DatingMessage1=506  DatingMessage2=507  EpisodeTitleDatingTextId=3303004  EpisodeType=1  GroupId=5  Id=4  RewardCount=1  RewardDatingPoint=1  RewardId=1500014  RewardType=9  SkipQuestTextId=60802114  TalkStatusTextId=6080204  TimelineName=Novel_Char060802_04  VoiceSoundBankPath=LocalVisualNovel/Local_Char060802
EP_g5 DatingDialogGroupId=6080205  DatingMessage1=508  DatingMessage2=509  EpisodeTitleDatingTextId=3303005  EpisodeType=1  GroupId=5  Id=5  RewardCount=1  RewardDatingPoint=1  RewardId=1500001  RewardType=9  SkipQuestTextId=60802115  TalkStatusTextId=6080205  TimelineName=Novel_Char060802_05  VoiceSoundBankPath=LocalVisualNovel/Local_Char060802
EP_g5 DatingDialogGroupId=6080206  DatingMessage1=510  DatingMessage2=511  EpisodeTitleDatingTextId=3303006  EpisodeType=1  GroupId=5  Id=6  RewardCount=1  RewardDatingPoint=1  RewardId=1500001  RewardType=9  SkipQuestTextId=60802116  TalkStatusTextId=6080206  TimelineName=Novel_Char060802_06  VoiceSoundBankPath=LocalVisualNovel/Local_Char060802
EP_g5 DatingDialogGroupId=6080207  DatingMessage1=512  DatingMessage2=513  EpisodeTitleDatingTextId=3303007  EpisodeType=1  GroupId=5  Id=7  RewardCount=1  RewardDatingPoint=1  RewardId=1500001  RewardType=9  SkipQuestTextId=60802117  TalkStatusTextId=6080207  TimelineName=Novel_Char060802_07  VoiceSoundBankPath=LocalVisualNovel/Local_Char060802
EP_g5 DatingDialogGroupId=6080208  DatingMessage1=514  DatingMessage2=515  EpisodeTitleDatingTextId=3303008  EpisodeType=1  GroupId=5  Id=8  RewardCount=1  RewardDatingPoint=1  RewardId=1500015  RewardType=9  SkipQuestTextId=60802118  TalkStatusTextId=6080208  TimelineName=Novel_Char060802_08  VoiceSoundBankPath=LocalVisualNovel/Local_Char060802
EP_g5 DatingDialogGroupId=6080209  DatingMessage1=516  DatingMessage2=517  EpisodeTitleDatingTextId=3303009  EpisodeType=1  GroupId=5  Id=9  RewardCount=1  RewardDatingPoint=1  RewardId=1500001  RewardType=9  SkipQuestTextId=60802119  TalkStatusTextId=6080209  TimelineName=Novel_Char060802_09  VoiceSoundBankPath=LocalVisualNovel/Local_Char060802
EP_g5 DatingDialogGroupId=6080210  DatingMessage1=518  DatingMessage2=519  EpisodeTitleDatingTextId=3303010  EpisodeType=1  GroupId=5  Id=10  RewardCount=1  RewardDatingPoint=1  RewardId=1500016  RewardType=9  SkipQuestTextId=60802120  TalkStatusTextId=6080210  TimelineName=Novel_Char060802_10  VoiceSoundBankPath=LocalVisualNovel/Local_Char060802
EP_g5 DatingDialogGroupId=6080211  DatingMessage1=520  DatingMessage2=521  EpisodeTitleDatingTextId=3303011  EpisodeType=2  GroupId=5  Id=11  RewardCount=1  RewardDatingPoint=0  RewardId=1500001  RewardType=9  SkipQuestTextId=60802121  TalkStatusTextId=6080211  TimelineName=Novel_Char060802_11  VoiceSoundBankPath=LocalVisualNovel/Local_Char060802
EP_g5 DatingDialogGroupId=6080212  DatingMessage1=522  DatingMessage2=523  EpisodeTitleDatingTextId=3303012  EpisodeType=2  GroupId=5  Id=12  RewardCount=1  RewardDatingPoint=0  RewardId=1500001  RewardType=9  SkipQuestTextId=60802122  TalkStatusTextId=6080212  TimelineName=Novel_Char060802_12  VoiceSoundBankPath=LocalVisualNovel/Local_Char060802
EP_g5 DatingDialogGroupId=6080213  DatingMessage1=524  DatingMessage2=525  EpisodeTitleDatingTextId=3303013  EpisodeType=2  GroupId=5  Id=13  RewardCount=1  RewardDatingPoint=0  RewardId=1500043  RewardType=9  SkipQuestTextId=60802123  TalkStatusTextId=6080213  TimelineName=Novel_Char060802_13  VoiceSoundBankPath=LocalVisualNovel/Local_Char060802
=== EP_g6 count=13 ===
EP_g6 DatingDialogGroupId=6760301  DatingMessage1=0  DatingMessage2=601  EpisodeTitleDatingTextId=3303001  EpisodeType=0  GroupId=6  Id=1  RewardCount=1  RewardDatingPoint=1  RewardId=1500001  RewardType=9  SkipQuestTextId=67603111  TalkStatusTextId=6760301  TimelineName=Novel_Char067603_01  VoiceSoundBankPath=LocalVisualNovel/Local_Char067603
EP_g6 DatingDialogGroupId=6760302  DatingMessage1=602  DatingMessage2=603  EpisodeTitleDatingTextId=3303002  EpisodeType=1  GroupId=6  Id=2  RewardCount=1  RewardDatingPoint=1  RewardId=1500001  RewardType=9  SkipQuestTextId=67603112  TalkStatusTextId=6760302  TimelineName=Novel_Char067603_02  VoiceSoundBankPath=LocalVisualNovel/Local_Char067603
EP_g6 DatingDialogGroupId=6760303  DatingMessage1=604  DatingMessage2=605  EpisodeTitleDatingTextId=3303003  EpisodeType=1  GroupId=6  Id=3  RewardCount=1  RewardDatingPoint=1  RewardId=1500001  RewardType=9  SkipQuestTextId=67603113  TalkStatusTextId=6760303  TimelineName=Novel_Char067603_03  VoiceSoundBankPath=LocalVisualNovel/Local_Char067603
EP_g6 DatingDialogGroupId=6760304  DatingMessage1=606  DatingMessage2=607  EpisodeTitleDatingTextId=3303004  EpisodeType=1  GroupId=6  Id=4  RewardCount=1  RewardDatingPoint=1  RewardId=1500017  RewardType=9  SkipQuestTextId=67603114  TalkStatusTextId=6760304  TimelineName=Novel_Char067603_04  VoiceSoundBankPath=LocalVisualNovel/Local_Char067603
EP_g6 DatingDialogGroupId=6760305  DatingMessage1=608  DatingMessage2=609  EpisodeTitleDatingTextId=3303005  EpisodeType=1  GroupId=6  Id=5  RewardCount=1  RewardDatingPoint=1  RewardId=1500001  RewardType=9  SkipQuestTextId=67603115  TalkStatusTextId=6760305  TimelineName=Novel_Char067603_05  VoiceSoundBankPath=LocalVisualNovel/Local_Char067603
EP_g6 DatingDialogGroupId=6760306  DatingMessage1=610  DatingMessage2=611  EpisodeTitleDatingTextId=3303006  EpisodeType=1  GroupId=6  Id=6  RewardCount=1  RewardDatingPoint=1  RewardId=1500001  RewardType=9  SkipQuestTextId=67603116  TalkStatusTextId=6760306  TimelineName=Novel_Char067603_06  VoiceSoundBankPath=LocalVisualNovel/Local_Char067603
EP_g6 DatingDialogGroupId=6760307  DatingMessage1=612  DatingMessage2=613  EpisodeTitleDatingTextId=3303007  EpisodeType=1  GroupId=6  Id=7  RewardCount=1  RewardDatingPoint=1  RewardId=1500001  RewardType=9  SkipQuestTextId=67603117  TalkStatusTextId=6760307  TimelineName=Novel_Char067603_07  VoiceSoundBankPath=LocalVisualNovel/Local_Char067603
EP_g6 DatingDialogGroupId=6760308  DatingMessage1=614  DatingMessage2=615  EpisodeTitleDatingTextId=3303008  EpisodeType=1  GroupId=6  Id=8  RewardCount=1  RewardDatingPoint=1  RewardId=1500018  RewardType=9  SkipQuestTextId=67603118  TalkStatusTextId=6760308  TimelineName=Novel_Char067603_08  VoiceSoundBankPath=LocalVisualNovel/Local_Char067603
EP_g6 DatingDialogGroupId=6760309  DatingMessage1=616  DatingMessage2=617  EpisodeTitleDatingTextId=3303009  EpisodeType=1  GroupId=6  Id=9  RewardCount=1  RewardDatingPoint=1  RewardId=1500001  RewardType=9  SkipQuestTextId=67603119  TalkStatusTextId=6760309  TimelineName=Novel_Char067603_09  VoiceSoundBankPath=LocalVisualNovel/Local_Char067603
EP_g6 DatingDialogGroupId=6760310  DatingMessage1=618  DatingMessage2=619  EpisodeTitleDatingTextId=3303010  EpisodeType=1  GroupId=6  Id=10  RewardCount=1  RewardDatingPoint=1  RewardId=1500019  RewardType=9  SkipQuestTextId=67603120  TalkStatusTextId=6760310  TimelineName=Novel_Char067603_10  VoiceSoundBankPath=LocalVisualNovel/Local_Char067603
EP_g6 DatingDialogGroupId=6760311  DatingMessage1=620  DatingMessage2=621  EpisodeTitleDatingTextId=3303011  EpisodeType=2  GroupId=6  Id=11  RewardCount=1  RewardDatingPoint=0  RewardId=1500001  RewardType=9  SkipQuestTextId=67603121  TalkStatusTextId=6760311  TimelineName=Novel_Char067603_11  VoiceSoundBankPath=LocalVisualNovel/Local_Char067603
EP_g6 DatingDialogGroupId=6760312  DatingMessage1=622  DatingMessage2=623  EpisodeTitleDatingTextId=3303012  EpisodeType=2  GroupId=6  Id=12  RewardCount=1  RewardDatingPoint=0  RewardId=1500001  RewardType=9  SkipQuestTextId=67603122  TalkStatusTextId=6760312  TimelineName=Novel_Char067603_12  VoiceSoundBankPath=LocalVisualNovel/Local_Char067603
EP_g6 DatingDialogGroupId=6760313  DatingMessage1=624  DatingMessage2=625  EpisodeTitleDatingTextId=3303013  EpisodeType=2  GroupId=6  Id=13  RewardCount=1  RewardDatingPoint=0  RewardId=1500050  RewardType=9  SkipQuestTextId=67603123  TalkStatusTextId=6760313  TimelineName=Novel_Char067603_13  VoiceSoundBankPath=LocalVisualNovel/Local_Char067603
=== EP_g7 count=10 ===
EP_g7 DatingDialogGroupId=100601  DatingMessage1=0  DatingMessage2=701  EpisodeTitleDatingTextId=3303001  EpisodeType=0  GroupId=7  Id=1  RewardCount=1  RewardDatingPoint=1  RewardId=1500001  RewardType=9  SkipQuestTextId=1006111  TalkStatusTextId=100601  TimelineName=Novel_Char001006_01  VoiceSoundBankPath=LocalVisualNovel/Local_Char001006
EP_g7 DatingDialogGroupId=100602  DatingMessage1=702  DatingMessage2=703  EpisodeTitleDatingTextId=3303002  EpisodeType=1  GroupId=7  Id=2  RewardCount=1  RewardDatingPoint=1  RewardId=1500001  RewardType=9  SkipQuestTextId=1006112  TalkStatusTextId=100602  TimelineName=Novel_Char001006_02  VoiceSoundBankPath=LocalVisualNovel/Local_Char001006
EP_g7 DatingDialogGroupId=100603  DatingMessage1=704  DatingMessage2=705  EpisodeTitleDatingTextId=3303003  EpisodeType=1  GroupId=7  Id=3  RewardCount=1  RewardDatingPoint=1  RewardId=1500020  RewardType=9  SkipQuestTextId=1006113  TalkStatusTextId=100603  TimelineName=Novel_Char001006_03  VoiceSoundBankPath=LocalVisualNovel/Local_Char001006
EP_g7 DatingDialogGroupId=100604  DatingMessage1=706  DatingMessage2=707  EpisodeTitleDatingTextId=3303004  EpisodeType=1  GroupId=7  Id=4  RewardCount=1  RewardDatingPoint=1  RewardId=1500001  RewardType=9  SkipQuestTextId=1006114  TalkStatusTextId=100604  TimelineName=Novel_Char001006_04  VoiceSoundBankPath=LocalVisualNovel/Local_Char001006
EP_g7 DatingDialogGroupId=100605  DatingMessage1=708  DatingMessage2=709  EpisodeTitleDatingTextId=3303005  EpisodeType=1  GroupId=7  Id=5  RewardCount=1  RewardDatingPoint=1  RewardId=1500001  RewardType=9  SkipQuestTextId=1006115  TalkStatusTextId=100605  TimelineName=Novel_Char001006_05  VoiceSoundBankPath=LocalVisualNovel/Local_Char001006
EP_g7 DatingDialogGroupId=100606  DatingMessage1=710  DatingMessage2=711  EpisodeTitleDatingTextId=3303006  EpisodeType=1  GroupId=7  Id=6  RewardCount=1  RewardDatingPoint=1  RewardId=1500021  RewardType=9  SkipQuestTextId=1006116  TalkStatusTextId=100606  TimelineName=Novel_Char001006_06  VoiceSoundBankPath=LocalVisualNovel/Local_Char001006
EP_g7 DatingDialogGroupId=100607  DatingMessage1=712  DatingMessage2=713  EpisodeTitleDatingTextId=3303007  EpisodeType=1  GroupId=7  Id=7  RewardCount=1  RewardDatingPoint=1  RewardId=1500001  RewardType=9  SkipQuestTextId=1006117  TalkStatusTextId=100607  TimelineName=Novel_Char001006_07  VoiceSoundBankPath=LocalVisualNovel/Local_Char001006
EP_g7 DatingDialogGroupId=100608  DatingMessage1=714  DatingMessage2=715  EpisodeTitleDatingTextId=3303008  EpisodeType=1  GroupId=7  Id=8  RewardCount=1  RewardDatingPoint=1  RewardId=1500001  RewardType=9  SkipQuestTextId=1006118  TalkStatusTextId=100608  TimelineName=Novel_Char001006_08  VoiceSoundBankPath=LocalVisualNovel/Local_Char001006
EP_g7 DatingDialogGroupId=100609  DatingMessage1=716  DatingMessage2=717  EpisodeTitleDatingTextId=3303009  EpisodeType=1  GroupId=7  Id=9  RewardCount=1  RewardDatingPoint=1  RewardId=1500022  RewardType=9  SkipQuestTextId=1006119  TalkStatusTextId=100609  TimelineName=Novel_Char001006_09  VoiceSoundBankPath=LocalVisualNovel/Local_Char001006
EP_g7 DatingDialogGroupId=100610  DatingMessage1=718  DatingMessage2=719  EpisodeTitleDatingTextId=3303010  EpisodeType=1  GroupId=7  Id=10  RewardCount=1  RewardDatingPoint=1  RewardId=1500023  RewardType=9  SkipQuestTextId=1006120  TalkStatusTextId=100610  TimelineName=Novel_Char001006_10  VoiceSoundBankPath=LocalVisualNovel/Local_Char001006
=== EP_g8 count=10 ===
EP_g8 DatingDialogGroupId=6640301  DatingMessage1=0  DatingMessage2=801  EpisodeTitleDatingTextId=3303001  EpisodeType=0  GroupId=8  Id=1  RewardCount=1  RewardDatingPoint=1  RewardId=1500001  RewardType=9  SkipQuestTextId=66403111  TalkStatusTextId=6640301  TimelineName=Novel_Char066403_01  VoiceSoundBankPath=LocalVisualNovel/Local_Char066403
EP_g8 DatingDialogGroupId=6640302  DatingMessage1=802  DatingMessage2=803  EpisodeTitleDatingTextId=3303002  EpisodeType=1  GroupId=8  Id=2  RewardCount=1  RewardDatingPoint=1  RewardId=1500001  RewardType=9  SkipQuestTextId=66403112  TalkStatusTextId=6640302  TimelineName=Novel_Char066403_02  VoiceSoundBankPath=LocalVisualNovel/Local_Char066403
EP_g8 DatingDialogGroupId=6640303  DatingMessage1=804  DatingMessage2=805  EpisodeTitleDatingTextId=3303003  EpisodeType=1  GroupId=8  Id=3  RewardCount=1  RewardDatingPoint=1  RewardId=1500024  RewardType=9  SkipQuestTextId=66403113  TalkStatusTextId=6640303  TimelineName=Novel_Char066403_03  VoiceSoundBankPath=LocalVisualNovel/Local_Char066403
EP_g8 DatingDialogGroupId=6640304  DatingMessage1=806  DatingMessage2=807  EpisodeTitleDatingTextId=3303004  EpisodeType=1  GroupId=8  Id=4  RewardCount=1  RewardDatingPoint=1  RewardId=1500001  RewardType=9  SkipQuestTextId=66403114  TalkStatusTextId=6640304  TimelineName=Novel_Char066403_04  VoiceSoundBankPath=LocalVisualNovel/Local_Char066403
EP_g8 DatingDialogGroupId=6640305  DatingMessage1=808  DatingMessage2=809  EpisodeTitleDatingTextId=3303005  EpisodeType=1  GroupId=8  Id=5  RewardCount=1  RewardDatingPoint=1  RewardId=1500001  RewardType=9  SkipQuestTextId=66403115  TalkStatusTextId=6640305  TimelineName=Novel_Char066403_05  VoiceSoundBankPath=LocalVisualNovel/Local_Char066403
EP_g8 DatingDialogGroupId=6640306  DatingMessage1=810  DatingMessage2=811  EpisodeTitleDatingTextId=3303006  EpisodeType=1  GroupId=8  Id=6  RewardCount=1  RewardDatingPoint=1  RewardId=1500001  RewardType=9  SkipQuestTextId=66403116  TalkStatusTextId=6640306  TimelineName=Novel_Char066403_06  VoiceSoundBankPath=LocalVisualNovel/Local_Char066403
EP_g8 DatingDialogGroupId=6640307  DatingMessage1=812  DatingMessage2=813  EpisodeTitleDatingTextId=3303007  EpisodeType=1  GroupId=8  Id=7  RewardCount=1  RewardDatingPoint=1  RewardId=1500025  RewardType=9  SkipQuestTextId=66403117  TalkStatusTextId=6640307  TimelineName=Novel_Char066403_07  VoiceSoundBankPath=LocalVisualNovel/Local_Char066403
EP_g8 DatingDialogGroupId=6640308  DatingMessage1=814  DatingMessage2=815  EpisodeTitleDatingTextId=3303008  EpisodeType=1  GroupId=8  Id=8  RewardCount=1  RewardDatingPoint=1  RewardId=1500001  RewardType=9  SkipQuestTextId=66403118  TalkStatusTextId=6640308  TimelineName=Novel_Char066403_08  VoiceSoundBankPath=LocalVisualNovel/Local_Char066403
EP_g8 DatingDialogGroupId=6640309  DatingMessage1=816  DatingMessage2=817  EpisodeTitleDatingTextId=3303009  EpisodeType=1  GroupId=8  Id=9  RewardCount=1  RewardDatingPoint=1  RewardId=1500001  RewardType=9  SkipQuestTextId=66403119  TalkStatusTextId=6640309  TimelineName=Novel_Char066403_09  VoiceSoundBankPath=LocalVisualNovel/Local_Char066403
EP_g8 DatingDialogGroupId=6640310  DatingMessage1=818  DatingMessage2=819  EpisodeTitleDatingTextId=3303010  EpisodeType=1  GroupId=8  Id=10  RewardCount=1  RewardDatingPoint=1  RewardId=1500026  RewardType=9  SkipQuestTextId=66403120  TalkStatusTextId=6640310  TimelineName=Novel_Char066403_10  VoiceSoundBankPath=LocalVisualNovel/Local_Char066403
=== EP_g9 count=10 ===
EP_g9 DatingDialogGroupId=70601  DatingMessage1=0  DatingMessage2=901  EpisodeTitleDatingTextId=3303001  EpisodeType=0  GroupId=9  Id=1  RewardCount=1  RewardDatingPoint=1  RewardId=1500001  RewardType=9  SkipQuestTextId=706111  TalkStatusTextId=70601  TimelineName=Novel_Char000706_01  VoiceSoundBankPath=LocalVisualNovel/Local_Char000706
EP_g9 DatingDialogGroupId=70602  DatingMessage1=902  DatingMessage2=903  EpisodeTitleDatingTextId=3303002  EpisodeType=1  GroupId=9  Id=2  RewardCount=1  RewardDatingPoint=1  RewardId=1500001  RewardType=9  SkipQuestTextId=706112  TalkStatusTextId=70602  TimelineName=Novel_Char000706_02  VoiceSoundBankPath=LocalVisualNovel/Local_Char000706
EP_g9 DatingDialogGroupId=70603  DatingMessage1=904  DatingMessage2=905  EpisodeTitleDatingTextId=3303003  EpisodeType=1  GroupId=9  Id=3  RewardCount=1  RewardDatingPoint=1  RewardId=1500001  RewardType=9  SkipQuestTextId=706113  TalkStatusTextId=70603  TimelineName=Novel_Char000706_03  VoiceSoundBankPath=LocalVisualNovel/Local_Char000706
EP_g9 DatingDialogGroupId=70604  DatingMessage1=906  DatingMessage2=907  EpisodeTitleDatingTextId=3303004  EpisodeType=1  GroupId=9  Id=4  RewardCount=1  RewardDatingPoint=1  RewardId=1500027  RewardType=9  SkipQuestTextId=706114  TalkStatusTextId=70604  TimelineName=Novel_Char000706_04  VoiceSoundBankPath=LocalVisualNovel/Local_Char000706
EP_g9 DatingDialogGroupId=70605  DatingMessage1=908  DatingMessage2=909  EpisodeTitleDatingTextId=3303005  EpisodeType=1  GroupId=9  Id=5  RewardCount=1  RewardDatingPoint=1  RewardId=1500001  RewardType=9  SkipQuestTextId=706115  TalkStatusTextId=70605  TimelineName=Novel_Char000706_05  VoiceSoundBankPath=LocalVisualNovel/Local_Char000706
EP_g9 DatingDialogGroupId=70606  DatingMessage1=910  DatingMessage2=911  EpisodeTitleDatingTextId=3303006  EpisodeType=1  GroupId=9  Id=6  RewardCount=1  RewardDatingPoint=1  RewardId=1500028  RewardType=9  SkipQuestTextId=706116  TalkStatusTextId=70606  TimelineName=Novel_Char000706_06  VoiceSoundBankPath=LocalVisualNovel/Local_Char000706
EP_g9 DatingDialogGroupId=70607  DatingMessage1=912  DatingMessage2=913  EpisodeTitleDatingTextId=3303007  EpisodeType=1  GroupId=9  Id=7  RewardCount=1  RewardDatingPoint=1  RewardId=1500001  RewardType=9  SkipQuestTextId=706117  TalkStatusTextId=70607  TimelineName=Novel_Char000706_07  VoiceSoundBankPath=LocalVisualNovel/Local_Char000706
EP_g9 DatingDialogGroupId=70608  DatingMessage1=914  DatingMessage2=915  EpisodeTitleDatingTextId=3303008  EpisodeType=1  GroupId=9  Id=8  RewardCount=1  RewardDatingPoint=1  RewardId=1500001  RewardType=9  SkipQuestTextId=706118  TalkStatusTextId=70608  TimelineName=Novel_Char000706_08  VoiceSoundBankPath=LocalVisualNovel/Local_Char000706
EP_g9 DatingDialogGroupId=70609  DatingMessage1=916  DatingMessage2=917  EpisodeTitleDatingTextId=3303009  EpisodeType=1  GroupId=9  Id=9  RewardCount=1  RewardDatingPoint=1  RewardId=1500001  RewardType=9  SkipQuestTextId=706119  TalkStatusTextId=70609  TimelineName=Novel_Char000706_09  VoiceSoundBankPath=LocalVisualNovel/Local_Char000706
EP_g9 DatingDialogGroupId=70610  DatingMessage1=918  DatingMessage2=919  EpisodeTitleDatingTextId=3303010  EpisodeType=1  GroupId=9  Id=10  RewardCount=1  RewardDatingPoint=1  RewardId=1500029  RewardType=9  SkipQuestTextId=706120  TalkStatusTextId=70610  TimelineName=Novel_Char000706_10  VoiceSoundBankPath=LocalVisualNovel/Local_Char000706
=== EP_g10 count=10 ===
EP_g10 DatingDialogGroupId=410201  DatingMessage1=0  DatingMessage2=1001  EpisodeTitleDatingTextId=3303001  EpisodeType=0  GroupId=10  Id=1  RewardCount=1  RewardDatingPoint=1  RewardId=1500001  RewardType=9  SkipQuestTextId=4102111  TalkStatusTextId=410201  TimelineName=Novel_Char004102_01  VoiceSoundBankPath=LocalVisualNovel/Local_Char004102
EP_g10 DatingDialogGroupId=410202  DatingMessage1=1002  DatingMessage2=1003  EpisodeTitleDatingTextId=3303002  EpisodeType=1  GroupId=10  Id=2  RewardCount=1  RewardDatingPoint=1  RewardId=1500001  RewardType=9  SkipQuestTextId=4102112  TalkStatusTextId=410202  TimelineName=Novel_Char004102_02  VoiceSoundBankPath=LocalVisualNovel/Local_Char004102
EP_g10 DatingDialogGroupId=410203  DatingMessage1=1004  DatingMessage2=1005  EpisodeTitleDatingTextId=3303003  EpisodeType=1  GroupId=10  Id=3  RewardCount=1  RewardDatingPoint=1  RewardId=1500031  RewardType=9  SkipQuestTextId=4102113  TalkStatusTextId=410203  TimelineName=Novel_Char004102_03  VoiceSoundBankPath=LocalVisualNovel/Local_Char004102
EP_g10 DatingDialogGroupId=410204  DatingMessage1=1006  DatingMessage2=1007  EpisodeTitleDatingTextId=3303004  EpisodeType=1  GroupId=10  Id=4  RewardCount=1  RewardDatingPoint=1  RewardId=1500001  RewardType=9  SkipQuestTextId=4102114  TalkStatusTextId=410204  TimelineName=Novel_Char004102_04  VoiceSoundBankPath=LocalVisualNovel/Local_Char004102
EP_g10 DatingDialogGroupId=410205  DatingMessage1=1008  DatingMessage2=1009  EpisodeTitleDatingTextId=3303005  EpisodeType=1  GroupId=10  Id=5  RewardCount=1  RewardDatingPoint=1  RewardId=1500001  RewardType=9  SkipQuestTextId=4102115  TalkStatusTextId=410205  TimelineName=Novel_Char004102_05  VoiceSoundBankPath=LocalVisualNovel/Local_Char004102
EP_g10 DatingDialogGroupId=410206  DatingMessage1=1010  DatingMessage2=1011  EpisodeTitleDatingTextId=3303006  EpisodeType=1  GroupId=10  Id=6  RewardCount=1  RewardDatingPoint=1  RewardId=1500032  RewardType=9  SkipQuestTextId=4102116  TalkStatusTextId=410206  TimelineName=Novel_Char004102_06  VoiceSoundBankPath=LocalVisualNovel/Local_Char004102
EP_g10 DatingDialogGroupId=410207  DatingMessage1=1012  DatingMessage2=1013  EpisodeTitleDatingTextId=3303007  EpisodeType=1  GroupId=10  Id=7  RewardCount=1  RewardDatingPoint=1  RewardId=1500001  RewardType=9  SkipQuestTextId=4102117  TalkStatusTextId=410207  TimelineName=Novel_Char004102_07  VoiceSoundBankPath=LocalVisualNovel/Local_Char004102
EP_g10 DatingDialogGroupId=410208  DatingMessage1=1014  DatingMessage2=1015  EpisodeTitleDatingTextId=3303008  EpisodeType=1  GroupId=10  Id=8  RewardCount=1  RewardDatingPoint=1  RewardId=1500001  RewardType=9  SkipQuestTextId=4102118  TalkStatusTextId=410208  TimelineName=Novel_Char004102_08  VoiceSoundBankPath=LocalVisualNovel/Local_Char004102
EP_g10 DatingDialogGroupId=410209  DatingMessage1=1016  DatingMessage2=1017  EpisodeTitleDatingTextId=3303009  EpisodeType=1  GroupId=10  Id=9  RewardCount=1  RewardDatingPoint=1  RewardId=1500001  RewardType=9  SkipQuestTextId=4102119  TalkStatusTextId=410209  TimelineName=Novel_Char004102_09  VoiceSoundBankPath=LocalVisualNovel/Local_Char004102
EP_g10 DatingDialogGroupId=410210  DatingMessage1=1018  DatingMessage2=1019  EpisodeTitleDatingTextId=3303010  EpisodeType=1  GroupId=10  Id=10  RewardCount=1  RewardDatingPoint=1  RewardId=1500033  RewardType=9  SkipQuestTextId=4102120  TalkStatusTextId=410210  TimelineName=Novel_Char004102_10  VoiceSoundBankPath=LocalVisualNovel/Local_Char004102
=== EP_g11 count=10 ===
EP_g11 DatingDialogGroupId=6700401  DatingMessage1=0  DatingMessage2=1101  EpisodeTitleDatingTextId=3303001  EpisodeType=0  GroupId=11  Id=1  RewardCount=1  RewardDatingPoint=1  RewardId=1500001  RewardType=9  SkipQuestTextId=67004111  TalkStatusTextId=6700401  TimelineName=Novel_Char67004_01  VoiceSoundBankPath=LocalVisualNovel/Local_Char067004
EP_g11 DatingDialogGroupId=6700402  DatingMessage1=1102  DatingMessage2=1103  EpisodeTitleDatingTextId=3303002  EpisodeType=1  GroupId=11  Id=2  RewardCount=1  RewardDatingPoint=1  RewardId=1500001  RewardType=9  SkipQuestTextId=67004112  TalkStatusTextId=6700402  TimelineName=Novel_Char67004_02  VoiceSoundBankPath=LocalVisualNovel/Local_Char067004
EP_g11 DatingDialogGroupId=6700403  DatingMessage1=1104  DatingMessage2=1105  EpisodeTitleDatingTextId=3303003  EpisodeType=1  GroupId=11  Id=3  RewardCount=1  RewardDatingPoint=1  RewardId=1500036  RewardType=9  SkipQuestTextId=67004113  TalkStatusTextId=6700403  TimelineName=Novel_Char67004_03  VoiceSoundBankPath=LocalVisualNovel/Local_Char067004
EP_g11 DatingDialogGroupId=6700404  DatingMessage1=1106  DatingMessage2=1107  EpisodeTitleDatingTextId=3303004  EpisodeType=1  GroupId=11  Id=4  RewardCount=1  RewardDatingPoint=1  RewardId=1500001  RewardType=9  SkipQuestTextId=67004114  TalkStatusTextId=6700404  TimelineName=Novel_Char67004_04  VoiceSoundBankPath=LocalVisualNovel/Local_Char067004
EP_g11 DatingDialogGroupId=6700405  DatingMessage1=1108  DatingMessage2=1109  EpisodeTitleDatingTextId=3303005  EpisodeType=1  GroupId=11  Id=5  RewardCount=1  RewardDatingPoint=1  RewardId=1500001  RewardType=9  SkipQuestTextId=67004115  TalkStatusTextId=6700405  TimelineName=Novel_Char67004_05  VoiceSoundBankPath=LocalVisualNovel/Local_Char067004
EP_g11 DatingDialogGroupId=6700406  DatingMessage1=1110  DatingMessage2=1111  EpisodeTitleDatingTextId=3303006  EpisodeType=1  GroupId=11  Id=6  RewardCount=1  RewardDatingPoint=1  RewardId=1500001  RewardType=9  SkipQuestTextId=67004116  TalkStatusTextId=6700406  TimelineName=Novel_Char67004_06  VoiceSoundBankPath=LocalVisualNovel/Local_Char067004
EP_g11 DatingDialogGroupId=6700407  DatingMessage1=1112  DatingMessage2=1113  EpisodeTitleDatingTextId=3303007  EpisodeType=1  GroupId=11  Id=7  RewardCount=1  RewardDatingPoint=1  RewardId=1500037  RewardType=9  SkipQuestTextId=67004117  TalkStatusTextId=6700407  TimelineName=Novel_Char67004_07  VoiceSoundBankPath=LocalVisualNovel/Local_Char067004
EP_g11 DatingDialogGroupId=6700408  DatingMessage1=1114  DatingMessage2=1115  EpisodeTitleDatingTextId=3303008  EpisodeType=1  GroupId=11  Id=8  RewardCount=1  RewardDatingPoint=1  RewardId=1500001  RewardType=9  SkipQuestTextId=67004118  TalkStatusTextId=6700408  TimelineName=Novel_Char67004_08  VoiceSoundBankPath=LocalVisualNovel/Local_Char067004
EP_g11 DatingDialogGroupId=6700409  DatingMessage1=1116  DatingMessage2=1117  EpisodeTitleDatingTextId=3303009  EpisodeType=1  GroupId=11  Id=9  RewardCount=1  RewardDatingPoint=1  RewardId=1500001  RewardType=9  SkipQuestTextId=67004119  TalkStatusTextId=6700409  TimelineName=Novel_Char67004_09  VoiceSoundBankPath=LocalVisualNovel/Local_Char067004
EP_g11 DatingDialogGroupId=6700410  DatingMessage1=1118  DatingMessage2=1119  EpisodeTitleDatingTextId=3303010  EpisodeType=1  GroupId=11  Id=10  RewardCount=1  RewardDatingPoint=1  RewardId=1500038  RewardType=9  SkipQuestTextId=67004120  TalkStatusTextId=6700410  TimelineName=Novel_Char67004_10  VoiceSoundBankPath=LocalVisualNovel/Local_Char067004
=== EP_g12 count=10 ===
EP_g12 DatingDialogGroupId=360401  DatingMessage1=0  DatingMessage2=1201  EpisodeTitleDatingTextId=3303001  EpisodeType=0  GroupId=12  Id=1  RewardCount=1  RewardDatingPoint=1  RewardId=1500001  RewardType=9  SkipQuestTextId=3604111  TalkStatusTextId=360401  TimelineName=Novel_Char003604_01  VoiceSoundBankPath=LocalVisualNovel/Local_Char003604
EP_g12 DatingDialogGroupId=360402  DatingMessage1=1202  DatingMessage2=1203  EpisodeTitleDatingTextId=3303002  EpisodeType=1  GroupId=12  Id=2  RewardCount=1  RewardDatingPoint=1  RewardId=1500001  RewardType=9  SkipQuestTextId=3604112  TalkStatusTextId=360402  TimelineName=Novel_Char003604_02  VoiceSoundBankPath=LocalVisualNovel/Local_Char003604
EP_g12 DatingDialogGroupId=360403  DatingMessage1=1204  DatingMessage2=1205  EpisodeTitleDatingTextId=3303003  EpisodeType=1  GroupId=12  Id=3  RewardCount=1  RewardDatingPoint=1  RewardId=1500001  RewardType=9  SkipQuestTextId=3604113  TalkStatusTextId=360403  TimelineName=Novel_Char003604_03  VoiceSoundBankPath=LocalVisualNovel/Local_Char003604
EP_g12 DatingDialogGroupId=360404  DatingMessage1=1206  DatingMessage2=1207  EpisodeTitleDatingTextId=3303004  EpisodeType=1  GroupId=12  Id=4  RewardCount=1  RewardDatingPoint=1  RewardId=1500040  RewardType=9  SkipQuestTextId=3604114  TalkStatusTextId=360404  TimelineName=Novel_Char003604_04  VoiceSoundBankPath=LocalVisualNovel/Local_Char003604
EP_g12 DatingDialogGroupId=360405  DatingMessage1=1208  DatingMessage2=1209  EpisodeTitleDatingTextId=3303005  EpisodeType=1  GroupId=12  Id=5  RewardCount=1  RewardDatingPoint=1  RewardId=1500001  RewardType=9  SkipQuestTextId=3604115  TalkStatusTextId=360405  TimelineName=Novel_Char003604_05  VoiceSoundBankPath=LocalVisualNovel/Local_Char003604
EP_g12 DatingDialogGroupId=360406  DatingMessage1=1210  DatingMessage2=1211  EpisodeTitleDatingTextId=3303006  EpisodeType=1  GroupId=12  Id=6  RewardCount=1  RewardDatingPoint=1  RewardId=1500001  RewardType=9  SkipQuestTextId=3604116  TalkStatusTextId=360406  TimelineName=Novel_Char003604_06  VoiceSoundBankPath=LocalVisualNovel/Local_Char003604
EP_g12 DatingDialogGroupId=360407  DatingMessage1=1212  DatingMessage2=1213  EpisodeTitleDatingTextId=3303007  EpisodeType=1  GroupId=12  Id=7  RewardCount=1  RewardDatingPoint=1  RewardId=1500041  RewardType=9  SkipQuestTextId=3604117  TalkStatusTextId=360407  TimelineName=Novel_Char003604_07  VoiceSoundBankPath=LocalVisualNovel/Local_Char003604
EP_g12 DatingDialogGroupId=360408  DatingMessage1=1214  DatingMessage2=1215  EpisodeTitleDatingTextId=3303008  EpisodeType=1  GroupId=12  Id=8  RewardCount=1  RewardDatingPoint=1  RewardId=1500001  RewardType=9  SkipQuestTextId=3604118  TalkStatusTextId=360408  TimelineName=Novel_Char003604_08  VoiceSoundBankPath=LocalVisualNovel/Local_Char003604
EP_g12 DatingDialogGroupId=360409  DatingMessage1=1216  DatingMessage2=1217  EpisodeTitleDatingTextId=3303009  EpisodeType=1  GroupId=12  Id=9  RewardCount=1  RewardDatingPoint=1  RewardId=1500001  RewardType=9  SkipQuestTextId=3604119  TalkStatusTextId=360409  TimelineName=Novel_Char003604_09  VoiceSoundBankPath=LocalVisualNovel/Local_Char003604
EP_g12 DatingDialogGroupId=360410  DatingMessage1=1218  DatingMessage2=1219  EpisodeTitleDatingTextId=3303010  EpisodeType=1  GroupId=12  Id=10  RewardCount=1  RewardDatingPoint=1  RewardId=1500042  RewardType=9  SkipQuestTextId=3604120  TalkStatusTextId=360410  TimelineName=Novel_Char003604_10  VoiceSoundBankPath=LocalVisualNovel/Local_Char003604
=== EP_g13 count=10 ===
EP_g13 DatingDialogGroupId=420201  DatingMessage1=0  DatingMessage2=1301  EpisodeTitleDatingTextId=3303001  EpisodeType=0  GroupId=13  Id=1  RewardCount=1  RewardDatingPoint=1  RewardId=1500001  RewardType=9  SkipQuestTextId=4202111  TalkStatusTextId=420201  TimelineName=Novel_Char004202_01  VoiceSoundBankPath=
EP_g13 DatingDialogGroupId=420202  DatingMessage1=1302  DatingMessage2=1303  EpisodeTitleDatingTextId=3303002  EpisodeType=1  GroupId=13  Id=2  RewardCount=1  RewardDatingPoint=1  RewardId=1500001  RewardType=9  SkipQuestTextId=4202112  TalkStatusTextId=420202  TimelineName=Novel_Char004202_02  VoiceSoundBankPath=
EP_g13 DatingDialogGroupId=420203  DatingMessage1=1304  DatingMessage2=1305  EpisodeTitleDatingTextId=3303003  EpisodeType=1  GroupId=13  Id=3  RewardCount=1  RewardDatingPoint=1  RewardId=1500001  RewardType=9  SkipQuestTextId=4202113  TalkStatusTextId=420203  TimelineName=Novel_Char004202_03  VoiceSoundBankPath=
EP_g13 DatingDialogGroupId=420204  DatingMessage1=1306  DatingMessage2=1307  EpisodeTitleDatingTextId=3303004  EpisodeType=1  GroupId=13  Id=4  RewardCount=1  RewardDatingPoint=1  RewardId=1500044  RewardType=9  SkipQuestTextId=4202114  TalkStatusTextId=420204  TimelineName=Novel_Char004202_04  VoiceSoundBankPath=
EP_g13 DatingDialogGroupId=420205  DatingMessage1=1308  DatingMessage2=1309  EpisodeTitleDatingTextId=3303005  EpisodeType=1  GroupId=13  Id=5  RewardCount=1  RewardDatingPoint=1  RewardId=1500001  RewardType=9  SkipQuestTextId=4202115  TalkStatusTextId=420205  TimelineName=Novel_Char004202_05  VoiceSoundBankPath=
EP_g13 DatingDialogGroupId=420206  DatingMessage1=1310  DatingMessage2=1311  EpisodeTitleDatingTextId=3303006  EpisodeType=1  GroupId=13  Id=6  RewardCount=1  RewardDatingPoint=1  RewardId=1500001  RewardType=9  SkipQuestTextId=4202116  TalkStatusTextId=420206  TimelineName=Novel_Char004202_06  VoiceSoundBankPath=
EP_g13 DatingDialogGroupId=420207  DatingMessage1=1312  DatingMessage2=1313  EpisodeTitleDatingTextId=3303007  EpisodeType=1  GroupId=13  Id=7  RewardCount=1  RewardDatingPoint=1  RewardId=1500045  RewardType=9  SkipQuestTextId=4202117  TalkStatusTextId=420207  TimelineName=Novel_Char004202_07  VoiceSoundBankPath=
EP_g13 DatingDialogGroupId=420208  DatingMessage1=1314  DatingMessage2=1315  EpisodeTitleDatingTextId=3303008  EpisodeType=1  GroupId=13  Id=8  RewardCount=1  RewardDatingPoint=1  RewardId=1500001  RewardType=9  SkipQuestTextId=4202118  TalkStatusTextId=420208  TimelineName=Novel_Char004202_08  VoiceSoundBankPath=
EP_g13 DatingDialogGroupId=420209  DatingMessage1=1316  DatingMessage2=1317  EpisodeTitleDatingTextId=3303009  EpisodeType=1  GroupId=13  Id=9  RewardCount=1  RewardDatingPoint=1  RewardId=1500001  RewardType=9  SkipQuestTextId=4202119  TalkStatusTextId=420209  TimelineName=Novel_Char004202_09  VoiceSoundBankPath=
EP_g13 DatingDialogGroupId=420210  DatingMessage1=1318  DatingMessage2=1319  EpisodeTitleDatingTextId=3303010  EpisodeType=1  GroupId=13  Id=10  RewardCount=1  RewardDatingPoint=1  RewardId=1500046  RewardType=9  SkipQuestTextId=4202120  TalkStatusTextId=420210  TimelineName=Novel_Char004202_10  VoiceSoundBankPath=
=== EP_g14 count=10 ===
EP_g14 DatingDialogGroupId=6710401  DatingMessage1=0  DatingMessage2=1401  EpisodeTitleDatingTextId=3303001  EpisodeType=0  GroupId=14  Id=1  RewardCount=1  RewardDatingPoint=1  RewardId=1500001  RewardType=9  SkipQuestTextId=67104111  TalkStatusTextId=6710401  TimelineName=Novel_Char067104_01  VoiceSoundBankPath=LocalVisualNovel/Local_Char067104
EP_g14 DatingDialogGroupId=6710402  DatingMessage1=1402  DatingMessage2=1403  EpisodeTitleDatingTextId=3303002  EpisodeType=1  GroupId=14  Id=2  RewardCount=1  RewardDatingPoint=1  RewardId=1500001  RewardType=9  SkipQuestTextId=67104112  TalkStatusTextId=6710402  TimelineName=Novel_Char067104_02  VoiceSoundBankPath=LocalVisualNovel/Local_Char067104
EP_g14 DatingDialogGroupId=6710403  DatingMessage1=1404  DatingMessage2=1405  EpisodeTitleDatingTextId=3303003  EpisodeType=1  GroupId=14  Id=3  RewardCount=1  RewardDatingPoint=1  RewardId=1500047  RewardType=9  SkipQuestTextId=67104113  TalkStatusTextId=6710403  TimelineName=Novel_Char067104_03  VoiceSoundBankPath=LocalVisualNovel/Local_Char067104
EP_g14 DatingDialogGroupId=6710404  DatingMessage1=1406  DatingMessage2=1407  EpisodeTitleDatingTextId=3303004  EpisodeType=1  GroupId=14  Id=4  RewardCount=1  RewardDatingPoint=1  RewardId=1500001  RewardType=9  SkipQuestTextId=67104114  TalkStatusTextId=6710404  TimelineName=Novel_Char067104_04  VoiceSoundBankPath=LocalVisualNovel/Local_Char067104
EP_g14 DatingDialogGroupId=6710405  DatingMessage1=1408  DatingMessage2=1409  EpisodeTitleDatingTextId=3303005  EpisodeType=1  GroupId=14  Id=5  RewardCount=1  RewardDatingPoint=1  RewardId=1500001  RewardType=9  SkipQuestTextId=67104115  TalkStatusTextId=6710405  TimelineName=Novel_Char067104_05  VoiceSoundBankPath=LocalVisualNovel/Local_Char067104
EP_g14 DatingDialogGroupId=6710406  DatingMessage1=1410  DatingMessage2=1411  EpisodeTitleDatingTextId=3303006  EpisodeType=1  GroupId=14  Id=6  RewardCount=1  RewardDatingPoint=1  RewardId=1500001  RewardType=9  SkipQuestTextId=67104116  TalkStatusTextId=6710406  TimelineName=Novel_Char067104_06  VoiceSoundBankPath=LocalVisualNovel/Local_Char067104
EP_g14 DatingDialogGroupId=6710407  DatingMessage1=1412  DatingMessage2=1413  EpisodeTitleDatingTextId=3303007  EpisodeType=1  GroupId=14  Id=7  RewardCount=1  RewardDatingPoint=1  RewardId=1500048  RewardType=9  SkipQuestTextId=67104117  TalkStatusTextId=6710407  TimelineName=Novel_Char067104_07  VoiceSoundBankPath=LocalVisualNovel/Local_Char067104
EP_g14 DatingDialogGroupId=6710408  DatingMessage1=1414  DatingMessage2=1415  EpisodeTitleDatingTextId=3303008  EpisodeType=1  GroupId=14  Id=8  RewardCount=1  RewardDatingPoint=1  RewardId=1500001  RewardType=9  SkipQuestTextId=67104118  TalkStatusTextId=6710408  TimelineName=Novel_Char067104_08  VoiceSoundBankPath=LocalVisualNovel/Local_Char067104
EP_g14 DatingDialogGroupId=6710409  DatingMessage1=1416  DatingMessage2=1417  EpisodeTitleDatingTextId=3303009  EpisodeType=1  GroupId=14  Id=9  RewardCount=1  RewardDatingPoint=1  RewardId=1500001  RewardType=9  SkipQuestTextId=67104119  TalkStatusTextId=6710409  TimelineName=Novel_Char067104_09  VoiceSoundBankPath=LocalVisualNovel/Local_Char067104
EP_g14 DatingDialogGroupId=6710410  DatingMessage1=1418  DatingMessage2=1419  EpisodeTitleDatingTextId=3303010  EpisodeType=1  GroupId=14  Id=10  RewardCount=1  RewardDatingPoint=1  RewardId=1500049  RewardType=9  SkipQuestTextId=67104120  TalkStatusTextId=6710410  TimelineName=Novel_Char067104_10  VoiceSoundBankPath=LocalVisualNovel/Local_Char067104
=== DATING TABLES DONE ===
